2021-04-22 17:07:27,802 [INFO] Initializing extraction process from ./Files/Chvrches.pdf ...
2021-04-22 17:07:27,803 [INFO] xref found: pos=b'45159'
2021-04-22 17:07:27,804 [INFO] read_xref_from: start=45159, token=/b'xref'
2021-04-22 17:07:27,804 [INFO] xref objects: {}
2021-04-22 17:07:27,805 [INFO] trailer: {'Size': 60, 'Root': <PDFObjRef:1>, 'Info': <PDFObjRef:22>, 'ID': [b'\x07\xc0\xee[\x15\xf3\xbbO\x8b\x8eG\xc5[\x1bWg', b'\x07\xc0\xee[\x15\xf3\xbbO\x8b\x8eG\xc5[\x1bWg'], 'Prev': 43802, 'XRefStm': 43420}
2021-04-22 17:07:27,806 [INFO] read_xref_from: start=43420, token=59
2021-04-22 17:07:27,807 [INFO] xref stream: objid=(0, 59), fields=1,4,2
2021-04-22 17:07:27,807 [INFO] trailer: {'Type': /'XRef', 'Size': 59, 'W': [1, 4, 2], 'Root': <PDFObjRef:1>, 'Info': <PDFObjRef:22>, 'ID': [b'\x07\xc0\xee[\x15\xf3\xbbO\x8b\x8eG\xc5[\x1bWg', b'\x07\xc0\xee[\x15\xf3\xbbO\x8b\x8eG\xc5[\x1bWg'], 'Filter': /'FlateDecode', 'Length': 181}
2021-04-22 17:07:27,808 [INFO] read_xref_from: start=43802, token=/b'xref'
2021-04-22 17:07:27,810 [INFO] xref objects: {1: (None, 17, 0), 2: (None, 166, 0), 3: (None, 222, 0), 4: (None, 537, 0), 5: (None, 4768, 0), 6: (None, 4909, 0), 7: (None, 4937, 0), 8: (None, 5105, 0), 9: (None, 5178, 0), 10: (None, 5440, 0), 11: (None, 5494, 0), 12: (None, 5548, 0), 13: (None, 5728, 0), 14: (None, 5991, 0), 15: (None, 6167, 0), 16: (None, 6425, 0), 17: (None, 6563, 0), 18: (None, 6593, 0), 19: (None, 6759, 0), 20: (None, 6833, 0), 21: (None, 7091, 0), 22: (None, 7360, 0), 49: (None, 8282, 0), 50: (None, 8678, 0), 51: (None, 21332, 0), 52: (None, 21510, 0), 53: (None, 21537, 0), 54: (None, 21988, 0), 55: (None, 39582, 0), 56: (None, 39921, 0), 57: (None, 40208, 0), 58: (None, 43375, 0), 59: (None, 43420, 0)}
2021-04-22 17:07:27,812 [INFO] trailer: {'Size': 60, 'Root': <PDFObjRef:1>, 'Info': <PDFObjRef:22>, 'ID': [b'\x07\xc0\xee[\x15\xf3\xbbO\x8b\x8eG\xc5[\x1bWg', b'\x07\xc0\xee[\x15\xf3\xbbO\x8b\x8eG\xc5[\x1bWg']}
2021-04-22 17:07:27,837 [INFO] trailer: {'Size': 60, 'Root': <PDFObjRef:1>, 'Info': <PDFObjRef:22>, 'ID': [b'\x07\xc0\xee[\x15\xf3\xbbO\x8b\x8eG\xc5[\x1bWg', b'\x07\xc0\xee[\x15\xf3\xbbO\x8b\x8eG\xc5[\x1bWg']}
2021-04-22 17:07:27,841 [INFO] Pages: Kids=[<PDFObjRef:3>]
2021-04-22 17:07:27,842 [INFO] Page: {'Type': /'Page', 'Parent': <PDFObjRef:2>, 'Resources': {'Font': {'F1': <PDFObjRef:5>, 'F2': <PDFObjRef:12>, 'F3': <PDFObjRef:14>, 'F4': <PDFObjRef:16>}, 'ExtGState': {'GS10': <PDFObjRef:10>, 'GS11': <PDFObjRef:11>}, 'ProcSet': [/'PDF', /'Text', /'ImageB', /'ImageC', /'ImageI']}, 'Annots': [<PDFObjRef:21>], 'MediaBox': [0, 0, 612, 792], 'Contents': <PDFObjRef:4>, 'Group': {'Type': /'Group', 'S': /'Transparency', 'CS': /'DeviceRGB'}, 'Tabs': /'S', 'StructParents': 0}
2021-04-22 17:07:27,845 [INFO] Processing page: <PDFPage: Resources={'Font': {'F1': <PDFObjRef:5>, 'F2': <PDFObjRef:12>, 'F3': <PDFObjRef:14>, 'F4': <PDFObjRef:16>}, 'ExtGState': {'GS10': <PDFObjRef:10>, 'GS11': <PDFObjRef:11>}, 'ProcSet': [/'PDF', /'Text', /'ImageB', /'ImageC', /'ImageI']}, MediaBox=[0, 0, 612, 792]>
2021-04-22 17:07:27,849 [INFO] render_contents: resources={'Font': {'F1': <PDFObjRef:5>, 'F2': <PDFObjRef:12>, 'F3': <PDFObjRef:14>, 'F4': <PDFObjRef:16>}, 'ExtGState': {'GS10': <PDFObjRef:10>, 'GS11': <PDFObjRef:11>}, 'ProcSet': [/'PDF', /'Text', /'ImageB', /'ImageC', /'ImageI']}, streams=[<PDFStream(4): raw=4158, {'Filter': /'FlateDecode', 'Length': 4156}>], ctm=(1, 0, 0, 1, 0, 0)
2021-04-22 17:07:27,856 [INFO] get_font: create: objid=5, spec={'Type': /'Font', 'Subtype': /'Type0', 'BaseFont': /'BCDEEE+CenturyGothic-Bold', 'Encoding': /'Identity-H', 'DescendantFonts': <PDFObjRef:6>, 'ToUnicode': <PDFObjRef:49>}
2021-04-22 17:07:27,858 [INFO] get_font: create: objid=None, spec={'BaseFont': /'BCDEEE+CenturyGothic-Bold', 'Subtype': /'CIDFontType2', 'Type': /'Font', 'CIDToGIDMap': /'Identity', 'DW': 1000, 'CIDSystemInfo': <PDFObjRef:8>, 'FontDescriptor': <PDFObjRef:9>, 'W': <PDFObjRef:51>, 'Encoding': /'Identity-H', 'ToUnicode': <PDFStream(49): raw=323, {'Filter': /'FlateDecode', 'Length': 321}>}
2021-04-22 17:07:27,867 [INFO] get_font: create: objid=12, spec={'Type': /'Font', 'Subtype': /'TrueType', 'Name': /'F2', 'BaseFont': /'BCDFEE+CenturyGothic-Bold', 'Encoding': /'WinAnsiEncoding', 'FontDescriptor': <PDFObjRef:13>, 'FirstChar': 32, 'LastChar': 32, 'Widths': <PDFObjRef:52>}
2021-04-22 17:07:27,869 [INFO] get_font: create: objid=14, spec={'Type': /'Font', 'Subtype': /'TrueType', 'Name': /'F3', 'BaseFont': /'BCDGEE+CenturyGothic', 'Encoding': /'WinAnsiEncoding', 'FontDescriptor': <PDFObjRef:15>, 'FirstChar': 32, 'LastChar': 122, 'Widths': <PDFObjRef:56>}
2021-04-22 17:07:27,872 [INFO] get_font: create: objid=16, spec={'Type': /'Font', 'Subtype': /'Type0', 'BaseFont': /'BCDHEE+CenturyGothic', 'Encoding': /'Identity-H', 'DescendantFonts': <PDFObjRef:17>, 'ToUnicode': <PDFObjRef:53>}
2021-04-22 17:07:27,874 [INFO] get_font: create: objid=None, spec={'BaseFont': /'BCDHEE+CenturyGothic', 'Subtype': /'CIDFontType2', 'Type': /'Font', 'CIDToGIDMap': /'Identity', 'DW': 1000, 'CIDSystemInfo': <PDFObjRef:19>, 'FontDescriptor': <PDFObjRef:20>, 'W': <PDFObjRef:55>, 'Encoding': /'Identity-H', 'ToUnicode': <PDFStream(53): raw=378, {'Filter': /'FlateDecode', 'Length': 376}>}
2021-04-22 17:07:28,147 [INFO] Finishing extraction process from ./Files/Chvrches.pdf ...
